<?xml version="1.0" encoding="UTF-8"?>
<!-- Generated by org.testng.reporters.JUnitReportReporter -->
<testsuite hostname="ShOeB" failures="0" tests="1" name="testcase.Testcaselocator" time="89.763" errors="0" timestamp="2022-03-29T17:39:44 BDT" skipped="0">
  <testcase classname="testcase.Testcaselocator" name="locatorlearning" time="89.763"/>
  <system-out/>
</testsuite> <!-- testcase.Testcaselocator -->
