<?xml version="1.0" encoding="UTF-8"?>
<!-- Generated by org.testng.reporters.JUnitReportReporter -->
<testsuite hostname="ShOeB" failures="0" tests="1" name="testcase.Testcaselocator" time="21.105" errors="0" timestamp="2022-03-02T21:34:17 BDT" skipped="0">
  <testcase classname="testcase.Testcaselocator" name="locatorlearning" time="21.105"/>
  <system-out/>
</testsuite> <!-- testcase.Testcaselocator -->
